<?xml version="1.0" encoding="UTF-8"?>
<!-- Generated by org.testng.reporters.JUnitXMLReporter -->
<testsuite ignored="0" hostname="LAPTOP-RI052D80" failures="0" tests="6" name="Test" time="0.055" errors="0" timestamp="2021-02-10T16:43:24 IST">
  <testcase classname="rahulshetty.AppiumTest" name="div" time="0.0"/>
  <testcase classname="rahulshetty.AppiumTest" name="mul" time="0.0"/>
  <testcase classname="rahulshetty.SeleniumTest" name="sub" time="0.0"/>
  <testcase classname="rahulshetty.SeleniumTest" name="sum" time="0.0"/>
  <testcase classname="rahulshetty.RestApiTest" name="champ" time="0.0"/>
  <testcase classname="rahulshetty.RestApiTest" name="hare" time="0.0"/>
</testsuite> <!-- Test -->
